  main.c
D:\Programming\C\CaveKingdom\CaveKingdom\source\core\main.c(214,22): warning C4244: '*=': conversion from 'double' to 'float', possible loss of data
D:\Programming\C\CaveKingdom\CaveKingdom\source\core\main.c(215,22): warning C4244: '*=': conversion from 'double' to 'float', possible loss of data
D:\Programming\C\CaveKingdom\CaveKingdom\source\core\main.c(220,23): warning C4244: '+=': conversion from 'float' to 'int', possible loss of data
D:\Programming\C\CaveKingdom\CaveKingdom\source\core\main.c(221,23): warning C4244: '+=': conversion from 'float' to 'int', possible loss of data
D:\Programming\C\CaveKingdom\CaveKingdom\source\core\main.c(197,44): warning C4244: 'initializing': conversion from 'double' to 'int', possible loss of data
D:\Programming\C\CaveKingdom\CaveKingdom\source\core\main.c(208,35): warning C4244: 'initializing': conversion from 'int' to 'float', possible loss of data
D:\Programming\C\CaveKingdom\CaveKingdom\source\core\main.c(209,35): warning C4244: 'initializing': conversion from 'int' to 'float', possible loss of data
  entity.c
D:\Programming\C\CaveKingdom\CaveKingdom\source\entities\entity.c(51,29): warning C4305: 'initializing': truncation from 'double' to 'float'
D:\Programming\C\CaveKingdom\CaveKingdom\source\entities\entity.c(66,65): warning C4047: 'initializing': 'Entity *' differs in levels of indirection from 'int'
D:\Programming\C\CaveKingdom\CaveKingdom\source\entities\entity.c(194,43): warning C4305: '=': truncation from 'double' to 'float'
D:\Programming\C\CaveKingdom\CaveKingdom\source\entities\entity.c(33,17): warning C4101: 'height_layer': unreferenced local variable
D:\Programming\C\CaveKingdom\CaveKingdom\source\entities\entity.c(291,70): warning C4244: 'function': conversion from 'double' to 'int', possible loss of data
D:\Programming\C\CaveKingdom\CaveKingdom\source\entities\entity.c(291,131): warning C4244: 'function': conversion from 'double' to 'int', possible loss of data
D:\Programming\C\CaveKingdom\CaveKingdom\source\entities\entity.c(396,15): warning C4244: 'return': conversion from 'double' to 'float', possible loss of data
D:\Programming\C\CaveKingdom\CaveKingdom\source\entities\entity.c(445,122): warning C4244: 'initializing': conversion from 'double' to 'float', possible loss of data
D:\Programming\C\CaveKingdom\CaveKingdom\source\entities\entity.c(445,130): warning C4244: 'initializing': conversion from 'double' to 'float', possible loss of data
D:\Programming\C\CaveKingdom\CaveKingdom\source\entities\entity.c(449,123): warning C4244: 'initializing': conversion from 'double' to 'float', possible loss of data
D:\Programming\C\CaveKingdom\CaveKingdom\source\entities\entity.c(449,132): warning C4244: 'initializing': conversion from 'double' to 'float', possible loss of data
D:\Programming\C\CaveKingdom\CaveKingdom\source\entities\entity.c(453,116): warning C4244: 'initializing': conversion from 'double' to 'float', possible loss of data
D:\Programming\C\CaveKingdom\CaveKingdom\source\entities\entity.c(453,144): warning C4244: 'initializing': conversion from 'double' to 'float', possible loss of data
D:\Programming\C\CaveKingdom\CaveKingdom\source\entities\entity.c(455,54): warning C4244: '=': conversion from 'double' to 'float', possible loss of data
D:\Programming\C\CaveKingdom\CaveKingdom\source\entities\entity.c(456,54): warning C4244: '=': conversion from 'double' to 'float', possible loss of data
  input.c
D:\Programming\C\CaveKingdom\CaveKingdom\source\input\input.c(15,29): warning C4013: 'get_sdl_key_code' undefined; assuming extern returning int
  inventory.c
  Generating Code...
  CaveKingdom.vcxproj -> D:\Programming\C\CaveKingdom\x64\Debug\CaveKingdom.exe
